
DESKTOP-RUAN	Sun Aug 25 17:23:53 2024
	ib_util init failed, UDFs can't be used - looks like firebird misconfigured
	
	C:\fontes\delphi\CatalagoEndereco\Projeto\Win32\Debug\ib_util library has not been found
	C:\fontes\delphi\CatalagoEndereco\Projeto\Win32\Debug\ib_util library has not been found
	ib_util library has not been found


DESKTOP-RUAN	Sun Aug 25 18:19:26 2024
	ib_util init failed, UDFs can't be used - looks like firebird misconfigured
	
	C:\fontes\delphi\CatalagoEndereco\Projeto\Win32\Debug\ib_util library has not been found
	C:\fontes\delphi\CatalagoEndereco\Projeto\Win32\Debug\ib_util library has not been found
	ib_util library has not been found


DESKTOP-RUAN	Sun Aug 25 18:24:10 2024
	ib_util init failed, UDFs can't be used - looks like firebird misconfigured
	
	C:\fontes\delphi\CatalagoEndereco\Projeto\Win32\Debug\ib_util library has not been found
	C:\fontes\delphi\CatalagoEndereco\Projeto\Win32\Debug\ib_util library has not been found
	ib_util library has not been found


DESKTOP-RUAN	Sun Aug 25 18:30:14 2024
	ib_util init failed, UDFs can't be used - looks like firebird misconfigured
	
	C:\fontes\delphi\CatalagoEndereco\Projeto\Win32\Debug\ib_util library has not been found
	C:\fontes\delphi\CatalagoEndereco\Projeto\Win32\Debug\ib_util library has not been found
	ib_util library has not been found


DESKTOP-RUAN	Sun Aug 25 18:32:03 2024
	ib_util init failed, UDFs can't be used - looks like firebird misconfigured
	
	C:\fontes\delphi\CatalagoEndereco\Projeto\Win32\Debug\ib_util library has not been found
	C:\fontes\delphi\CatalagoEndereco\Projeto\Win32\Debug\ib_util library has not been found
	ib_util library has not been found


DESKTOP-RUAN	Sun Aug 25 18:34:57 2024
	ib_util init failed, UDFs can't be used - looks like firebird misconfigured
	
	C:\fontes\delphi\CatalagoEndereco\Projeto\Win32\Debug\ib_util library has not been found
	C:\fontes\delphi\CatalagoEndereco\Projeto\Win32\Debug\ib_util library has not been found
	ib_util library has not been found


DESKTOP-RUAN	Sun Aug 25 18:35:30 2024
	ib_util init failed, UDFs can't be used - looks like firebird misconfigured
	
	C:\fontes\delphi\CatalagoEndereco\Projeto\Win32\Debug\ib_util library has not been found
	C:\fontes\delphi\CatalagoEndereco\Projeto\Win32\Debug\ib_util library has not been found
	ib_util library has not been found


DESKTOP-RUAN	Sun Aug 25 19:13:44 2024
	ib_util init failed, UDFs can't be used - looks like firebird misconfigured
	
	C:\fontes\delphi\CatalagoEndereco\Projeto\Win32\Debug\ib_util library has not been found
	C:\fontes\delphi\CatalagoEndereco\Projeto\Win32\Debug\ib_util library has not been found
	ib_util library has not been found


DESKTOP-RUAN	Sun Aug 25 19:14:49 2024
	ib_util init failed, UDFs can't be used - looks like firebird misconfigured
	
	C:\fontes\delphi\CatalagoEndereco\Projeto\Win32\Debug\ib_util library has not been found
	C:\fontes\delphi\CatalagoEndereco\Projeto\Win32\Debug\ib_util library has not been found
	ib_util library has not been found


DESKTOP-RUAN	Sun Aug 25 19:27:50 2024
	ib_util init failed, UDFs can't be used - looks like firebird misconfigured
	
	C:\fontes\delphi\CatalagoEndereco\Projeto\Win32\Debug\ib_util library has not been found
	C:\fontes\delphi\CatalagoEndereco\Projeto\Win32\Debug\ib_util library has not been found
	ib_util library has not been found


DESKTOP-RUAN	Sun Aug 25 19:45:54 2024
	ib_util init failed, UDFs can't be used - looks like firebird misconfigured
	
	C:\fontes\delphi\CatalagoEndereco\Projeto\Win32\Debug\ib_util library has not been found
	C:\fontes\delphi\CatalagoEndereco\Projeto\Win32\Debug\ib_util library has not been found
	ib_util library has not been found


DESKTOP-RUAN	Sun Aug 25 20:03:00 2024
	ib_util init failed, UDFs can't be used - looks like firebird misconfigured
	
	C:\fontes\delphi\CatalagoEndereco\Projeto\Win32\Debug\ib_util library has not been found
	C:\fontes\delphi\CatalagoEndereco\Projeto\Win32\Debug\ib_util library has not been found
	ib_util library has not been found


DESKTOP-RUAN	Sun Aug 25 20:08:07 2024
	ib_util init failed, UDFs can't be used - looks like firebird misconfigured
	
	C:\fontes\delphi\CatalagoEndereco\Projeto\Win32\Debug\ib_util library has not been found
	C:\fontes\delphi\CatalagoEndereco\Projeto\Win32\Debug\ib_util library has not been found
	ib_util library has not been found


DESKTOP-RUAN	Sun Aug 25 20:14:08 2024
	ib_util init failed, UDFs can't be used - looks like firebird misconfigured
	
	C:\fontes\delphi\CatalagoEndereco\Projeto\Win32\Debug\ib_util library has not been found
	C:\fontes\delphi\CatalagoEndereco\Projeto\Win32\Debug\ib_util library has not been found
	ib_util library has not been found


DESKTOP-RUAN	Sun Aug 25 20:14:58 2024
	ib_util init failed, UDFs can't be used - looks like firebird misconfigured
	
	C:\fontes\delphi\CatalagoEndereco\Projeto\Win32\Debug\ib_util library has not been found
	C:\fontes\delphi\CatalagoEndereco\Projeto\Win32\Debug\ib_util library has not been found
	ib_util library has not been found


DESKTOP-RUAN	Sun Aug 25 20:47:16 2024
	ib_util init failed, UDFs can't be used - looks like firebird misconfigured
	
	C:\fontes\delphi\CatalagoEndereco\Projeto\Win32\Debug\ib_util library has not been found
	C:\fontes\delphi\CatalagoEndereco\Projeto\Win32\Debug\ib_util library has not been found
	ib_util library has not been found


DESKTOP-RUAN	Sun Aug 25 20:51:30 2024
	ib_util init failed, UDFs can't be used - looks like firebird misconfigured
	
	C:\fontes\delphi\CatalagoEndereco\Projeto\Win32\Debug\ib_util library has not been found
	C:\fontes\delphi\CatalagoEndereco\Projeto\Win32\Debug\ib_util library has not been found
	ib_util library has not been found


DESKTOP-RUAN	Sun Aug 25 20:52:54 2024
	ib_util init failed, UDFs can't be used - looks like firebird misconfigured
	
	C:\fontes\delphi\CatalagoEndereco\Projeto\Win32\Debug\ib_util library has not been found
	C:\fontes\delphi\CatalagoEndereco\Projeto\Win32\Debug\ib_util library has not been found
	ib_util library has not been found


DESKTOP-RUAN	Sun Aug 25 20:54:48 2024
	ib_util init failed, UDFs can't be used - looks like firebird misconfigured
	
	C:\fontes\delphi\CatalagoEndereco\Projeto\Win32\Debug\ib_util library has not been found
	C:\fontes\delphi\CatalagoEndereco\Projeto\Win32\Debug\ib_util library has not been found
	ib_util library has not been found


DESKTOP-RUAN	Sun Aug 25 20:55:34 2024
	ib_util init failed, UDFs can't be used - looks like firebird misconfigured
	
	C:\fontes\delphi\CatalagoEndereco\Projeto\Win32\Debug\ib_util library has not been found
	C:\fontes\delphi\CatalagoEndereco\Projeto\Win32\Debug\ib_util library has not been found
	ib_util library has not been found


DESKTOP-RUAN	Sun Aug 25 20:57:52 2024
	ib_util init failed, UDFs can't be used - looks like firebird misconfigured
	
	C:\fontes\delphi\CatalagoEndereco\Projeto\Win32\Debug\ib_util library has not been found
	C:\fontes\delphi\CatalagoEndereco\Projeto\Win32\Debug\ib_util library has not been found
	ib_util library has not been found


DESKTOP-RUAN	Sun Aug 25 21:04:56 2024
	ib_util init failed, UDFs can't be used - looks like firebird misconfigured
	
	C:\fontes\delphi\CatalagoEndereco\Projeto\Win32\Debug\ib_util library has not been found
	C:\fontes\delphi\CatalagoEndereco\Projeto\Win32\Debug\ib_util library has not been found
	ib_util library has not been found


DESKTOP-RUAN	Sun Aug 25 21:06:07 2024
	ib_util init failed, UDFs can't be used - looks like firebird misconfigured
	
	C:\fontes\delphi\CatalagoEndereco\Projeto\Win32\Debug\ib_util library has not been found
	C:\fontes\delphi\CatalagoEndereco\Projeto\Win32\Debug\ib_util library has not been found
	ib_util library has not been found


DESKTOP-RUAN	Sun Aug 25 21:06:32 2024
	ib_util init failed, UDFs can't be used - looks like firebird misconfigured
	
	C:\fontes\delphi\CatalagoEndereco\Projeto\Win32\Debug\ib_util library has not been found
	C:\fontes\delphi\CatalagoEndereco\Projeto\Win32\Debug\ib_util library has not been found
	ib_util library has not been found


DESKTOP-RUAN	Sun Aug 25 21:06:59 2024
	ib_util init failed, UDFs can't be used - looks like firebird misconfigured
	
	C:\fontes\delphi\CatalagoEndereco\Projeto\Win32\Debug\ib_util library has not been found
	C:\fontes\delphi\CatalagoEndereco\Projeto\Win32\Debug\ib_util library has not been found
	ib_util library has not been found


DESKTOP-RUAN	Sun Aug 25 21:11:19 2024
	ib_util init failed, UDFs can't be used - looks like firebird misconfigured
	
	C:\fontes\delphi\CatalagoEndereco\Projeto\Win32\Debug\ib_util library has not been found
	C:\fontes\delphi\CatalagoEndereco\Projeto\Win32\Debug\ib_util library has not been found
	ib_util library has not been found


DESKTOP-RUAN	Sun Aug 25 21:11:25 2024
	ib_util init failed, UDFs can't be used - looks like firebird misconfigured
	
	C:\fontes\delphi\CatalagoEndereco\Projeto\Win32\Debug\ib_util library has not been found
	C:\fontes\delphi\CatalagoEndereco\Projeto\Win32\Debug\ib_util library has not been found
	ib_util library has not been found


DESKTOP-RUAN	Sun Aug 25 21:11:34 2024
	ib_util init failed, UDFs can't be used - looks like firebird misconfigured
	
	C:\fontes\delphi\CatalagoEndereco\Projeto\Win32\Debug\ib_util library has not been found
	C:\fontes\delphi\CatalagoEndereco\Projeto\Win32\Debug\ib_util library has not been found
	ib_util library has not been found


DESKTOP-RUAN	Sun Aug 25 21:11:48 2024
	ib_util init failed, UDFs can't be used - looks like firebird misconfigured
	
	C:\fontes\delphi\CatalagoEndereco\Projeto\Win32\Debug\ib_util library has not been found
	C:\fontes\delphi\CatalagoEndereco\Projeto\Win32\Debug\ib_util library has not been found
	ib_util library has not been found


DESKTOP-RUAN	Sun Aug 25 21:11:58 2024
	ib_util init failed, UDFs can't be used - looks like firebird misconfigured
	
	C:\fontes\delphi\CatalagoEndereco\Projeto\Win32\Debug\ib_util library has not been found
	C:\fontes\delphi\CatalagoEndereco\Projeto\Win32\Debug\ib_util library has not been found
	ib_util library has not been found


DESKTOP-RUAN	Sun Aug 25 21:12:21 2024
	ib_util init failed, UDFs can't be used - looks like firebird misconfigured
	
	C:\fontes\delphi\CatalagoEndereco\Projeto\Win32\Debug\ib_util library has not been found
	C:\fontes\delphi\CatalagoEndereco\Projeto\Win32\Debug\ib_util library has not been found
	ib_util library has not been found


DESKTOP-RUAN	Sun Aug 25 21:18:42 2024
	ib_util init failed, UDFs can't be used - looks like firebird misconfigured
	
	C:\fontes\delphi\CatalagoEndereco\Projeto\Win32\Debug\ib_util library has not been found
	C:\fontes\delphi\CatalagoEndereco\Projeto\Win32\Debug\ib_util library has not been found
	ib_util library has not been found


DESKTOP-RUAN	Sun Aug 25 21:22:43 2024
	ib_util init failed, UDFs can't be used - looks like firebird misconfigured
	
	C:\fontes\delphi\CatalagoEndereco\Projeto\Win32\Debug\ib_util library has not been found
	C:\fontes\delphi\CatalagoEndereco\Projeto\Win32\Debug\ib_util library has not been found
	ib_util library has not been found


DESKTOP-RUAN	Sun Aug 25 21:24:31 2024
	ib_util init failed, UDFs can't be used - looks like firebird misconfigured
	
	C:\fontes\delphi\CatalagoEndereco\Projeto\Win32\Debug\ib_util library has not been found
	C:\fontes\delphi\CatalagoEndereco\Projeto\Win32\Debug\ib_util library has not been found
	ib_util library has not been found


DESKTOP-RUAN	Mon Aug 26 17:11:25 2024
	ib_util init failed, UDFs can't be used - looks like firebird misconfigured
	
	C:\fontes\delphi\CatalagoEndereco\Projeto\Win32\Debug\ib_util library has not been found
	C:\fontes\delphi\CatalagoEndereco\Projeto\Win32\Debug\ib_util library has not been found
	ib_util library has not been found


DESKTOP-RUAN	Mon Aug 26 18:40:09 2024
	ib_util init failed, UDFs can't be used - looks like firebird misconfigured
	
	C:\fontes\delphi\CatalagoEndereco\Projeto\Win32\Debug\ib_util library has not been found
	C:\fontes\delphi\CatalagoEndereco\Projeto\Win32\Debug\ib_util library has not been found
	ib_util library has not been found


DESKTOP-RUAN	Mon Aug 26 18:41:16 2024
	ib_util init failed, UDFs can't be used - looks like firebird misconfigured
	
	C:\fontes\delphi\CatalagoEndereco\Projeto\Win32\Debug\ib_util library has not been found
	C:\fontes\delphi\CatalagoEndereco\Projeto\Win32\Debug\ib_util library has not been found
	ib_util library has not been found


DESKTOP-RUAN	Mon Aug 26 18:43:35 2024
	ib_util init failed, UDFs can't be used - looks like firebird misconfigured
	
	C:\fontes\delphi\CatalagoEndereco\Projeto\Win32\Debug\ib_util library has not been found
	C:\fontes\delphi\CatalagoEndereco\Projeto\Win32\Debug\ib_util library has not been found
	ib_util library has not been found


DESKTOP-RUAN	Mon Aug 26 18:44:03 2024
	ib_util init failed, UDFs can't be used - looks like firebird misconfigured
	
	C:\fontes\delphi\CatalagoEndereco\Projeto\Win32\Debug\ib_util library has not been found
	C:\fontes\delphi\CatalagoEndereco\Projeto\Win32\Debug\ib_util library has not been found
	ib_util library has not been found


DESKTOP-RUAN	Mon Aug 26 19:20:49 2024
	ib_util init failed, UDFs can't be used - looks like firebird misconfigured
	
	C:\fontes\delphi\CatalagoEndereco\Projeto\Win32\Debug\ib_util library has not been found
	C:\fontes\delphi\CatalagoEndereco\Projeto\Win32\Debug\ib_util library has not been found
	ib_util library has not been found


DESKTOP-RUAN	Mon Aug 26 19:21:24 2024
	ib_util init failed, UDFs can't be used - looks like firebird misconfigured
	
	C:\fontes\delphi\CatalagoEndereco\Projeto\Win32\Debug\ib_util library has not been found
	C:\fontes\delphi\CatalagoEndereco\Projeto\Win32\Debug\ib_util library has not been found
	ib_util library has not been found


DESKTOP-RUAN	Mon Aug 26 19:22:42 2024
	ib_util init failed, UDFs can't be used - looks like firebird misconfigured
	
	C:\fontes\delphi\CatalagoEndereco\Projeto\Win32\Debug\ib_util library has not been found
	C:\fontes\delphi\CatalagoEndereco\Projeto\Win32\Debug\ib_util library has not been found
	ib_util library has not been found


DESKTOP-RUAN	Mon Aug 26 19:43:03 2024
	ib_util init failed, UDFs can't be used - looks like firebird misconfigured
	
	C:\fontes\delphi\CatalagoEndereco\Projeto\Win32\Debug\ib_util library has not been found
	C:\fontes\delphi\CatalagoEndereco\Projeto\Win32\Debug\ib_util library has not been found
	ib_util library has not been found


DESKTOP-RUAN	Mon Aug 26 19:46:36 2024
	ib_util init failed, UDFs can't be used - looks like firebird misconfigured
	
	C:\fontes\delphi\CatalagoEndereco\Projeto\Win32\Debug\ib_util library has not been found
	C:\fontes\delphi\CatalagoEndereco\Projeto\Win32\Debug\ib_util library has not been found
	ib_util library has not been found


DESKTOP-RUAN	Mon Aug 26 19:47:20 2024
	ib_util init failed, UDFs can't be used - looks like firebird misconfigured
	
	C:\fontes\delphi\CatalagoEndereco\Projeto\Win32\Debug\ib_util library has not been found
	C:\fontes\delphi\CatalagoEndereco\Projeto\Win32\Debug\ib_util library has not been found
	ib_util library has not been found


DESKTOP-RUAN	Mon Aug 26 19:48:40 2024
	ib_util init failed, UDFs can't be used - looks like firebird misconfigured
	
	C:\fontes\delphi\CatalagoEndereco\Projeto\Win32\Debug\ib_util library has not been found
	C:\fontes\delphi\CatalagoEndereco\Projeto\Win32\Debug\ib_util library has not been found
	ib_util library has not been found


DESKTOP-RUAN	Mon Aug 26 19:53:43 2024
	ib_util init failed, UDFs can't be used - looks like firebird misconfigured
	
	C:\fontes\delphi\CatalagoEndereco\Projeto\Win32\Debug\ib_util library has not been found
	C:\fontes\delphi\CatalagoEndereco\Projeto\Win32\Debug\ib_util library has not been found
	ib_util library has not been found


DESKTOP-RUAN	Mon Aug 26 19:55:54 2024
	ib_util init failed, UDFs can't be used - looks like firebird misconfigured
	
	C:\fontes\delphi\CatalagoEndereco\Projeto\Win32\Debug\ib_util library has not been found
	C:\fontes\delphi\CatalagoEndereco\Projeto\Win32\Debug\ib_util library has not been found
	ib_util library has not been found


DESKTOP-RUAN	Mon Aug 26 19:57:21 2024
	ib_util init failed, UDFs can't be used - looks like firebird misconfigured
	
	C:\fontes\delphi\CatalagoEndereco\Projeto\Win32\Debug\ib_util library has not been found
	C:\fontes\delphi\CatalagoEndereco\Projeto\Win32\Debug\ib_util library has not been found
	ib_util library has not been found


DESKTOP-RUAN	Mon Aug 26 19:58:28 2024
	ib_util init failed, UDFs can't be used - looks like firebird misconfigured
	
	C:\fontes\delphi\CatalagoEndereco\Projeto\Win32\Debug\ib_util library has not been found
	C:\fontes\delphi\CatalagoEndereco\Projeto\Win32\Debug\ib_util library has not been found
	ib_util library has not been found


DESKTOP-RUAN	Mon Aug 26 19:59:47 2024
	ib_util init failed, UDFs can't be used - looks like firebird misconfigured
	
	C:\fontes\delphi\CatalagoEndereco\Projeto\Win32\Debug\ib_util library has not been found
	C:\fontes\delphi\CatalagoEndereco\Projeto\Win32\Debug\ib_util library has not been found
	ib_util library has not been found


DESKTOP-RUAN	Mon Aug 26 20:11:43 2024
	ib_util init failed, UDFs can't be used - looks like firebird misconfigured
	
	C:\fontes\delphi\CatalagoEndereco\Projeto\Win32\Debug\ib_util library has not been found
	C:\fontes\delphi\CatalagoEndereco\Projeto\Win32\Debug\ib_util library has not been found
	ib_util library has not been found


DESKTOP-RUAN	Mon Aug 26 20:15:28 2024
	ib_util init failed, UDFs can't be used - looks like firebird misconfigured
	
	C:\fontes\delphi\CatalagoEndereco\Projeto\Win32\Debug\ib_util library has not been found
	C:\fontes\delphi\CatalagoEndereco\Projeto\Win32\Debug\ib_util library has not been found
	ib_util library has not been found


DESKTOP-RUAN	Mon Aug 26 20:17:38 2024
	ib_util init failed, UDFs can't be used - looks like firebird misconfigured
	
	C:\fontes\delphi\CatalagoEndereco\Projeto\Win32\Debug\ib_util library has not been found
	C:\fontes\delphi\CatalagoEndereco\Projeto\Win32\Debug\ib_util library has not been found
	ib_util library has not been found


DESKTOP-RUAN	Mon Aug 26 20:22:27 2024
	ib_util init failed, UDFs can't be used - looks like firebird misconfigured
	
	C:\fontes\delphi\CatalagoEndereco\Projeto\Win32\Debug\ib_util library has not been found
	C:\fontes\delphi\CatalagoEndereco\Projeto\Win32\Debug\ib_util library has not been found
	ib_util library has not been found


DESKTOP-RUAN	Mon Aug 26 20:23:56 2024
	ib_util init failed, UDFs can't be used - looks like firebird misconfigured
	
	C:\fontes\delphi\CatalagoEndereco\Projeto\Win32\Debug\ib_util library has not been found
	C:\fontes\delphi\CatalagoEndereco\Projeto\Win32\Debug\ib_util library has not been found
	ib_util library has not been found


DESKTOP-RUAN	Mon Aug 26 20:25:37 2024
	ib_util init failed, UDFs can't be used - looks like firebird misconfigured
	
	C:\fontes\delphi\CatalagoEndereco\Projeto\Win32\Debug\ib_util library has not been found
	C:\fontes\delphi\CatalagoEndereco\Projeto\Win32\Debug\ib_util library has not been found
	ib_util library has not been found


DESKTOP-RUAN	Mon Aug 26 20:25:55 2024
	ib_util init failed, UDFs can't be used - looks like firebird misconfigured
	
	C:\fontes\delphi\CatalagoEndereco\Projeto\Win32\Debug\ib_util library has not been found
	C:\fontes\delphi\CatalagoEndereco\Projeto\Win32\Debug\ib_util library has not been found
	ib_util library has not been found


DESKTOP-RUAN	Mon Aug 26 20:26:48 2024
	ib_util init failed, UDFs can't be used - looks like firebird misconfigured
	
	C:\fontes\delphi\CatalagoEndereco\Projeto\Win32\Debug\ib_util library has not been found
	C:\fontes\delphi\CatalagoEndereco\Projeto\Win32\Debug\ib_util library has not been found
	ib_util library has not been found


DESKTOP-RUAN	Mon Aug 26 20:29:38 2024
	ib_util init failed, UDFs can't be used - looks like firebird misconfigured
	
	C:\fontes\delphi\CatalagoEndereco\Projeto\Win32\Debug\ib_util library has not been found
	C:\fontes\delphi\CatalagoEndereco\Projeto\Win32\Debug\ib_util library has not been found
	ib_util library has not been found


DESKTOP-RUAN	Mon Aug 26 20:32:27 2024
	ib_util init failed, UDFs can't be used - looks like firebird misconfigured
	
	C:\fontes\delphi\CatalagoEndereco\Projeto\Win32\Debug\ib_util library has not been found
	C:\fontes\delphi\CatalagoEndereco\Projeto\Win32\Debug\ib_util library has not been found
	ib_util library has not been found


DESKTOP-RUAN	Mon Aug 26 20:43:11 2024
	ib_util init failed, UDFs can't be used - looks like firebird misconfigured
	
	C:\fontes\delphi\CatalagoEndereco\Projeto\Win32\Debug\ib_util library has not been found
	C:\fontes\delphi\CatalagoEndereco\Projeto\Win32\Debug\ib_util library has not been found
	ib_util library has not been found


DESKTOP-RUAN	Mon Aug 26 20:47:11 2024
	ib_util init failed, UDFs can't be used - looks like firebird misconfigured
	
	C:\fontes\delphi\CatalagoEndereco\Projeto\Win32\Debug\ib_util library has not been found
	C:\fontes\delphi\CatalagoEndereco\Projeto\Win32\Debug\ib_util library has not been found
	ib_util library has not been found


DESKTOP-RUAN	Mon Aug 26 20:49:21 2024
	ib_util init failed, UDFs can't be used - looks like firebird misconfigured
	
	C:\fontes\delphi\CatalagoEndereco\Projeto\Win32\Debug\ib_util library has not been found
	C:\fontes\delphi\CatalagoEndereco\Projeto\Win32\Debug\ib_util library has not been found
	ib_util library has not been found


DESKTOP-RUAN	Tue Aug 27 17:22:20 2024
	ib_util init failed, UDFs can't be used - looks like firebird misconfigured
	
	C:\fontes\delphi\CatalagoEndereco\Projeto\Win32\Debug\ib_util library has not been found
	C:\fontes\delphi\CatalagoEndereco\Projeto\Win32\Debug\ib_util library has not been found
	ib_util library has not been found

